prova_concepte_2/build/app/intermediates/manifest_merge_blame_file/debug/manifest-merger-blame-debug-report.txt
1<?xml version="1.0" encoding="utf-8"?>
2<manifest xmlns:android="http://schemas.android.com/apk/res/android"
3    package="com.example.prova_concepte_2"
4    android:versionCode="1"
5    android:versionName="1.0.0" >
6
7    <uses-sdk
8        android:minSdkVersion="21"
9        android:targetSdkVersion="34" />
10    <!--
11         The INTERNET permission is required for development. Specifically,
12         the Flutter tool needs it to communicate with the running application
13         to allow setting breakpoints, to provide hot reload, etc.
14    -->
15    <uses-permission android:name="android.permission.INTERNET" />
15-->src/debug/AndroidManifest.xml:6:5-66
15-->src/debug/AndroidManifest.xml:6:22-64
16    <uses-permission android:name="android.permission.SYSTEM_ALERT_WINDOW" />
16-->src/main/AndroidManifest.xml:2:5-78
16-->src/main/AndroidManifest.xml:2:22-75
17    <uses-permission android:name="android.permission.REQUEST_IGNORE_BATTERY_OPTIMIZATIONS" />
17-->src/main/AndroidManifest.xml:3:5-95
17-->src/main/AndroidManifest.xml:3:22-92
18    <uses-permission android:name="android.permission.SCHEDULE_EXACT_ALARM" />
18-->src/main/AndroidManifest.xml:4:5-79
18-->src/main/AndroidManifest.xml:4:22-76
19    <uses-permission android:name="android.permission.FOREGROUND_SERVICE" />
19-->src/main/AndroidManifest.xml:5:5-77
19-->src/main/AndroidManifest.xml:5:22-74
20    <uses-permission android:name="android.permission.FOREGROUND_SERVICE_DATA_SYNC" />
20-->src/main/AndroidManifest.xml:6:5-87
20-->src/main/AndroidManifest.xml:6:22-84
21    <uses-permission android:name="android.permission.FOREGROUND_SERVICE_REMOTE_MESSAGING" />
21-->src/main/AndroidManifest.xml:7:5-94
21-->src/main/AndroidManifest.xml:7:22-91
22    <uses-permission android:name="android.permission.FOREGROUND_SERVICE_SPECIAL_USE" />
22-->src/main/AndroidManifest.xml:8:5-89
22-->src/main/AndroidManifest.xml:8:22-86
23    <!--
24 Required to query activities that can process text, see:
25         https://developer.android.com/training/package-visibility and
26         https://developer.android.com/reference/android/content/Intent#ACTION_PROCESS_TEXT.
27
28         In particular, this is used by the Flutter engine in io.flutter.plugin.text.ProcessTextPlugin.
29    -->
30    <queries>
30-->src/main/AndroidManifest.xml:54:5-59:15
31        <intent>
31-->src/main/AndroidManifest.xml:55:9-58:18
32            <action android:name="android.intent.action.PROCESS_TEXT" />
32-->src/main/AndroidManifest.xml:56:13-72
32-->src/main/AndroidManifest.xml:56:21-70
33
34            <data android:mimeType="text/plain" />
34-->src/main/AndroidManifest.xml:57:13-50
34-->src/main/AndroidManifest.xml:57:19-48
35        </intent>
36    </queries>
37
38    <uses-permission android:name="android.permission.WAKE_LOCK" />
38-->[:flutter_foreground_task] AndroidManifest.xml:8:5-68
38-->[:flutter_foreground_task] AndroidManifest.xml:8:22-65
39    <uses-permission android:name="android.permission.RECEIVE_BOOT_COMPLETED" />
39-->[:flutter_foreground_task] AndroidManifest.xml:9:5-81
39-->[:flutter_foreground_task] AndroidManifest.xml:9:22-78
40    <uses-permission android:name="android.permission.POST_NOTIFICATIONS" />
40-->[:flutter_foreground_task] AndroidManifest.xml:10:5-77
40-->[:flutter_foreground_task] AndroidManifest.xml:10:22-74
41
42    <permission
42-->[androidx.core:core:1.13.1] AndroidManifest.xml:22:5-24:47
43        android:name="com.example.prova_concepte_2.DYNAMIC_RECEIVER_NOT_EXPORTED_PERMISSION"
43-->[androidx.core:core:1.13.1] AndroidManifest.xml:23:9-81
44        android:protectionLevel="signature" />
44-->[androidx.core:core:1.13.1] AndroidManifest.xml:24:9-44
45
46    <uses-permission android:name="com.example.prova_concepte_2.DYNAMIC_RECEIVER_NOT_EXPORTED_PERMISSION" />
46-->[androidx.core:core:1.13.1] AndroidManifest.xml:26:5-97
46-->[androidx.core:core:1.13.1] AndroidManifest.xml:26:22-94
47
48    <application
49        android:name="android.app.Application"
50        android:appComponentFactory="androidx.core.app.CoreComponentFactory"
50-->[androidx.core:core:1.13.1] AndroidManifest.xml:28:18-86
51        android:debuggable="true"
52        android:extractNativeLibs="true"
53        android:icon="@mipmap/ic_launcher"
54        android:label="prova_concepte_2" >
55        <service
56            android:name="com.pravera.flutter_foreground_task.service.ForegroundService"
57            android:exported="false"
58            android:foregroundServiceType="dataSync|remoteMessaging|specialUse" >
59            <property
60                android:name="android.app.PROPERTY_SPECIAL_USE_FGS_SUBTYPE"
61                android:value="health_medicines_alarms" />
62        </service>
63
64        <activity
65            android:name="com.example.prova_concepte_2.MainActivity"
66            android:configChanges="orientation|keyboardHidden|keyboard|screenSize|smallestScreenSize|locale|layoutDirection|fontScale|screenLayout|density|uiMode"
67            android:exported="true"
68            android:hardwareAccelerated="true"
69            android:launchMode="singleTop"
70            android:taskAffinity=""
71            android:theme="@style/LaunchTheme"
72            android:windowSoftInputMode="adjustResize" >
73
74            <!--
75                 Specifies an Android theme to apply to this Activity as soon as
76                 the Android process has started. This theme is visible to the user
77                 while the Flutter UI initializes. After that, this theme continues
78                 to determine the Window background behind the Flutter UI.
79            -->
80            <meta-data
81                android:name="io.flutter.embedding.android.NormalTheme"
82                android:resource="@style/NormalTheme" />
83
84            <intent-filter>
85                <action android:name="android.intent.action.MAIN" />
86
87                <category android:name="android.intent.category.LAUNCHER" />
88            </intent-filter>
89        </activity>
90        <!--
91             Don't delete the meta-data below.
92             This is used by the Flutter tool to generate GeneratedPluginRegistrant.java
93        -->
94        <meta-data
95            android:name="flutterEmbedding"
96            android:value="2" />
97
98        <receiver
98-->[:flutter_foreground_task] AndroidManifest.xml:13:9-21:20
99            android:name="com.pravera.flutter_foreground_task.service.RebootReceiver"
99-->[:flutter_foreground_task] AndroidManifest.xml:14:13-86
100            android:enabled="true"
100-->[:flutter_foreground_task] AndroidManifest.xml:15:13-35
101            android:exported="true" >
101-->[:flutter_foreground_task] AndroidManifest.xml:16:13-36
102            <intent-filter>
102-->[:flutter_foreground_task] AndroidManifest.xml:17:13-20:29
103                <action android:name="android.intent.action.BOOT_COMPLETED" />
103-->[:flutter_foreground_task] AndroidManifest.xml:18:17-79
103-->[:flutter_foreground_task] AndroidManifest.xml:18:25-76
104                <action android:name="android.intent.action.MY_PACKAGE_REPLACED" />
104-->[:flutter_foreground_task] AndroidManifest.xml:19:17-84
104-->[:flutter_foreground_task] AndroidManifest.xml:19:25-81
105            </intent-filter>
106        </receiver>
107        <receiver
107-->[:flutter_foreground_task] AndroidManifest.xml:22:9-25:40
108            android:name="com.pravera.flutter_foreground_task.service.RestartReceiver"
108-->[:flutter_foreground_task] AndroidManifest.xml:23:13-87
109            android:enabled="true"
109-->[:flutter_foreground_task] AndroidManifest.xml:24:13-35
110            android:exported="false" />
110-->[:flutter_foreground_task] AndroidManifest.xml:25:13-37
111
112        <uses-library
112-->[androidx.window:window:1.2.0] AndroidManifest.xml:23:9-25:40
113            android:name="androidx.window.extensions"
113-->[androidx.window:window:1.2.0] AndroidManifest.xml:24:13-54
114            android:required="false" />
114-->[androidx.window:window:1.2.0] AndroidManifest.xml:25:13-37
115        <uses-library
115-->[androidx.window:window:1.2.0] AndroidManifest.xml:26:9-28:40
116            android:name="androidx.window.sidecar"
116-->[androidx.window:window:1.2.0] AndroidManifest.xml:27:13-51
117            android:required="false" />
117-->[androidx.window:window:1.2.0] AndroidManifest.xml:28:13-37
118
119        <provider
119-->[androidx.lifecycle:lifecycle-process:2.7.0] AndroidManifest.xml:24:9-32:20
120            android:name="androidx.startup.InitializationProvider"
120-->[androidx.lifecycle:lifecycle-process:2.7.0] AndroidManifest.xml:25:13-67
121            android:authorities="com.example.prova_concepte_2.androidx-startup"
121-->[androidx.lifecycle:lifecycle-process:2.7.0] AndroidManifest.xml:26:13-68
122            android:exported="false" >
122-->[androidx.lifecycle:lifecycle-process:2.7.0] AndroidManifest.xml:27:13-37
123            <meta-data
123-->[androidx.lifecycle:lifecycle-process:2.7.0] AndroidManifest.xml:29:13-31:52
124                android:name="androidx.lifecycle.ProcessLifecycleInitializer"
124-->[androidx.lifecycle:lifecycle-process:2.7.0] AndroidManifest.xml:30:17-78
125                android:value="androidx.startup" />
125-->[androidx.lifecycle:lifecycle-process:2.7.0] AndroidManifest.xml:31:17-49
126            <meta-data
126-->[androidx.profileinstaller:profileinstaller:1.3.1] AndroidManifest.xml:29:13-31:52
127                android:name="androidx.profileinstaller.ProfileInstallerInitializer"
127-->[androidx.profileinstaller:profileinstaller:1.3.1] AndroidManifest.xml:30:17-85
128                android:value="androidx.startup" />
128-->[androidx.profileinstaller:profileinstaller:1.3.1] AndroidManifest.xml:31:17-49
129        </provider>
130
131        <receiver
131-->[androidx.profileinstaller:profileinstaller:1.3.1] AndroidManifest.xml:34:9-52:20
132            android:name="androidx.profileinstaller.ProfileInstallReceiver"
132-->[androidx.profileinstaller:profileinstaller:1.3.1] AndroidManifest.xml:35:13-76
133            android:directBootAware="false"
133-->[androidx.profileinstaller:profileinstaller:1.3.1] AndroidManifest.xml:36:13-44
134            android:enabled="true"
134-->[androidx.profileinstaller:profileinstaller:1.3.1] AndroidManifest.xml:37:13-35
135            android:exported="true"
135-->[androidx.profileinstaller:profileinstaller:1.3.1] AndroidManifest.xml:38:13-36
136            android:permission="android.permission.DUMP" >
136-->[androidx.profileinstaller:profileinstaller:1.3.1] AndroidManifest.xml:39:13-57
137            <intent-filter>
137-->[androidx.profileinstaller:profileinstaller:1.3.1] AndroidManifest.xml:40:13-42:29
138                <action android:name="androidx.profileinstaller.action.INSTALL_PROFILE" />
138-->[androidx.profileinstaller:profileinstaller:1.3.1] AndroidManifest.xml:41:17-91
138-->[androidx.profileinstaller:profileinstaller:1.3.1] AndroidManifest.xml:41:25-88
139            </intent-filter>
140            <intent-filter>
140-->[androidx.profileinstaller:profileinstaller:1.3.1] AndroidManifest.xml:43:13-45:29
141                <action android:name="androidx.profileinstaller.action.SKIP_FILE" />
141-->[androidx.profileinstaller:profileinstaller:1.3.1] AndroidManifest.xml:44:17-85
141-->[androidx.profileinstaller:profileinstaller:1.3.1] AndroidManifest.xml:44:25-82
142            </intent-filter>
143            <intent-filter>
143-->[androidx.profileinstaller:profileinstaller:1.3.1] AndroidManifest.xml:46:13-48:29
144                <action android:name="androidx.profileinstaller.action.SAVE_PROFILE" />
144-->[androidx.profileinstaller:profileinstaller:1.3.1] AndroidManifest.xml:47:17-88
144-->[androidx.profileinstaller:profileinstaller:1.3.1] AndroidManifest.xml:47:25-85
145            </intent-filter>
146            <intent-filter>
146-->[androidx.profileinstaller:profileinstaller:1.3.1] AndroidManifest.xml:49:13-51:29
147                <action android:name="androidx.profileinstaller.action.BENCHMARK_OPERATION" />
147-->[androidx.profileinstaller:profileinstaller:1.3.1] AndroidManifest.xml:50:17-95
147-->[androidx.profileinstaller:profileinstaller:1.3.1] AndroidManifest.xml:50:25-92
148            </intent-filter>
149        </receiver>
150    </application>
151
152</manifest>